TN:
SF:src\app.ts
FNF:0
FNH:0
DA:1,1
DA:2,1
DA:3,1
DA:4,1
DA:5,1
DA:6,1
DA:7,1
DA:8,1
DA:9,1
DA:10,1
DA:11,1
DA:12,1
DA:13,1
DA:14,1
DA:15,1
DA:17,1
DA:19,1
DA:20,1
DA:21,1
DA:22,1
DA:24,1
DA:25,1
DA:26,1
DA:27,1
DA:28,1
DA:29,1
DA:30,1
DA:32,1
DA:33,1
DA:35,1
DA:36,1
DA:38,1
LF:32
LH:32
BRF:0
BRH:0
end_of_record
TN:
SF:src\controllers\articlesController.ts
FN:14,createArticle
FN:23,getArticle
FN:29,updateArticle
FN:39,deleteArticle
FN:45,getArticleList
FN:51,createComment
FN:62,getCommentList
FN:69,createLike
FN:75,deleteLike
FNF:9
FNH:0
FNDA:0,createArticle
FNDA:0,getArticle
FNDA:0,updateArticle
FNDA:0,deleteArticle
FNDA:0,getArticleList
FNDA:0,createComment
FNDA:0,getCommentList
FNDA:0,createLike
FNDA:0,deleteLike
DA:2,1
DA:3,1
DA:4,1
DA:9,1
DA:10,1
DA:11,1
DA:12,1
DA:14,1
DA:15,0
DA:16,0
DA:20,0
DA:23,1
DA:24,0
DA:25,0
DA:26,0
DA:29,1
DA:30,0
DA:31,0
DA:32,0
DA:36,0
DA:39,1
DA:40,0
DA:41,0
DA:42,0
DA:45,1
DA:46,0
DA:47,0
DA:48,0
DA:51,1
DA:52,0
DA:53,0
DA:54,0
DA:59,0
DA:62,1
DA:63,0
DA:64,0
DA:65,0
DA:66,0
DA:69,1
DA:70,0
DA:71,0
DA:72,0
DA:75,1
DA:76,0
DA:77,0
DA:78,0
LF:46
LH:16
BRF:0
BRH:0
end_of_record
TN:
SF:src\controllers\authController.ts
FN:8,register
FN:14,login
FN:21,logout
FN:26,refreshToken
FN:34,setTokenCookies
FN:48,clearTokenCookies
FNF:6
FNH:5
FNDA:7,register
FNDA:4,login
FNDA:1,logout
FNDA:0,refreshToken
FNDA:2,setTokenCookies
FNDA:1,clearTokenCookies
DA:2,1
DA:3,1
DA:4,1
DA:5,1
DA:6,1
DA:8,1
DA:9,7
DA:10,7
DA:11,6
DA:14,1
DA:15,4
DA:16,4
DA:17,2
DA:18,2
DA:21,1
DA:22,1
DA:23,1
DA:26,1
DA:27,0
DA:29,0
DA:30,0
DA:31,0
DA:35,2
DA:40,2
DA:49,1
DA:50,1
LF:26
LH:22
BRF:0
BRH:0
end_of_record
TN:
SF:src\controllers\commentsController.ts
FN:7,updateComment
FN:14,deleteComment
FNF:2
FNH:0
FNDA:0,updateComment
FNDA:0,deleteComment
DA:2,1
DA:3,1
DA:4,1
DA:5,1
DA:7,1
DA:8,0
DA:9,0
DA:10,0
DA:11,0
DA:14,1
DA:15,0
DA:16,0
DA:17,0
LF:13
LH:6
BRF:0
BRH:0
end_of_record
TN:
SF:src\controllers\errorController.ts
FN:8,defaultNotFoundHandler
FN:12,globalErrorHandler
FNF:2
FNH:1
FNDA:0,defaultNotFoundHandler
FNDA:3,globalErrorHandler
DA:2,1
DA:3,1
DA:4,1
DA:5,1
DA:6,1
DA:8,1
DA:9,0
DA:12,1
DA:14,3
DA:15,3
DA:16,3
DA:20,0
DA:21,0
DA:22,0
DA:26,0
DA:27,0
DA:28,0
DA:29,0
DA:33,0
DA:34,0
DA:35,0
DA:38,0
DA:39,0
DA:40,0
DA:43,0
DA:44,0
DA:45,0
DA:48,0
DA:49,0
LF:29
LH:10
BRDA:14,0,0,3
BRDA:14,1,0,3
BRDA:14,1,1,3
BRDA:20,2,0,0
BRDA:20,3,0,0
BRDA:20,3,1,0
BRDA:26,4,0,0
BRDA:33,5,0,0
BRDA:38,6,0,0
BRDA:43,7,0,0
BRF:10
BRH:3
end_of_record
TN:
SF:src\controllers\imagesController.ts
FN:13,(anonymous_8)
FN:16,(anonymous_9)
FN:27,(anonymous_10)
FN:37,uploadImage
FNF:4
FNH:0
FNDA:0,(anonymous_8)
FNDA:0,(anonymous_9)
FNDA:0,(anonymous_10)
FNDA:0,uploadImage
DA:2,1
DA:3,1
DA:4,1
DA:5,1
DA:6,1
DA:8,1
DA:9,1
DA:11,1
DA:14,0
DA:17,0
DA:18,0
DA:19,0
DA:28,0
DA:29,0
DA:30,0
DA:33,0
DA:37,1
DA:38,0
DA:39,0
DA:40,0
DA:42,0
DA:43,0
DA:45,0
DA:46,0
DA:47,0
LF:25
LH:9
BRDA:28,0,0,0
BRDA:39,1,0,0
BRDA:42,2,0,0
BRF:3
BRH:0
end_of_record
TN:
SF:src\controllers\notificationsController.ts
FN:6,readNotification
FNF:1
FNH:0
FNDA:0,readNotification
DA:2,1
DA:3,1
DA:4,1
DA:6,1
DA:7,0
DA:8,0
DA:9,0
LF:7
LH:4
BRDA:8,0,0,0
BRDA:8,0,1,0
BRDA:8,1,0,0
BRDA:8,1,1,0
BRF:4
BRH:0
end_of_record
TN:
SF:src\controllers\productsController.ts
FN:14,createProduct
FN:23,getProduct
FN:29,updateProduct
FN:39,deleteProduct
FN:45,getProductList
FN:53,createComment
FN:62,getCommentList
FN:69,createFavorite
FN:75,deleteFavorite
FNF:9
FNH:0
FNDA:0,createProduct
FNDA:0,getProduct
FNDA:0,updateProduct
FNDA:0,deleteProduct
FNDA:0,getProductList
FNDA:0,createComment
FNDA:0,getCommentList
FNDA:0,createFavorite
FNDA:0,deleteFavorite
DA:2,1
DA:3,1
DA:4,1
DA:9,1
DA:10,1
DA:11,1
DA:12,1
DA:14,1
DA:15,0
DA:16,0
DA:20,0
DA:23,1
DA:24,0
DA:25,0
DA:26,0
DA:29,1
DA:30,0
DA:31,0
DA:32,0
DA:36,0
DA:39,1
DA:40,0
DA:41,0
DA:42,0
DA:45,1
DA:46,0
DA:47,0
DA:50,0
DA:53,1
DA:54,0
DA:55,0
DA:59,0
DA:62,1
DA:63,0
DA:64,0
DA:65,0
DA:66,0
DA:69,1
DA:70,0
DA:71,0
DA:72,0
DA:75,1
DA:76,0
DA:77,0
DA:78,0
LF:45
LH:16
BRDA:48,0,0,0
BRDA:48,0,1,0
BRDA:48,1,0,0
BRDA:48,1,1,0
BRF:4
BRH:0
end_of_record
TN:
SF:src\controllers\usersController.ts
FN:15,getMe
FN:20,updateMe
FN:26,updateMyPassword
FN:32,getMyProductList
FN:47,getMyFavoriteList
FN:62,getMyNotifications
FNF:6
FNH:0
FNDA:0,getMe
FNDA:0,updateMe
FNDA:0,updateMyPassword
FNDA:0,getMyProductList
FNDA:0,getMyFavoriteList
FNDA:0,getMyNotifications
DA:2,1
DA:3,1
DA:10,1
DA:11,1
DA:12,1
DA:13,1
DA:15,1
DA:16,0
DA:17,0
DA:20,1
DA:21,0
DA:22,0
DA:23,0
DA:26,1
DA:27,0
DA:28,0
DA:29,0
DA:32,1
DA:33,0
DA:34,0
DA:41,0
DA:47,1
DA:48,0
DA:49,0
DA:56,0
DA:62,1
DA:63,0
DA:65,0
DA:70,0
LF:29
LH:12
BRF:0
BRH:0
end_of_record
TN:
SF:src\dto\userResponseDTO.ts
FN:3,(anonymous_1)
FNF:1
FNH:1
FNDA:6,(anonymous_1)
DA:3,1
DA:4,6
DA:5,6
DA:8,1
LF:4
LH:4
BRF:0
BRH:0
end_of_record
TN:
SF:src\lib\constants.ts
FNF:0
FNH:0
DA:1,1
DA:2,1
DA:4,1
DA:5,1
DA:6,1
DA:7,1
DA:8,1
DA:9,1
DA:10,1
DA:11,1
DA:12,1
LF:11
LH:11
BRDA:6,0,0,1
BRDA:6,0,1,0
BRDA:7,1,0,1
BRDA:7,1,1,0
BRDA:8,2,0,1
BRDA:8,2,1,0
BRDA:9,3,0,1
BRDA:9,3,1,0
BRDA:10,4,0,1
BRDA:10,4,1,1
BRF:10
BRH:6
end_of_record
TN:
SF:src\lib\prismaClient.ts
FNF:0
FNH:0
DA:1,1
DA:3,1
LF:2
LH:2
BRF:0
BRH:0
end_of_record
TN:
SF:src\lib\testUtils.ts
FN:3,clearDatabase
FNF:1
FNH:1
FNDA:6,clearDatabase
DA:3,1
DA:4,6
DA:5,6
DA:6,6
DA:7,6
DA:8,6
DA:9,6
DA:10,6
LF:8
LH:8
BRF:0
BRH:0
end_of_record
TN:
SF:src\lib\token.ts
FN:4,generateTokens
FN:14,verifyAccessToken
FN:22,verifyRefreshToken
FNF:3
FNH:1
FNDA:2,generateTokens
FNDA:0,verifyAccessToken
FNDA:0,verifyRefreshToken
DA:1,1
DA:2,1
DA:4,1
DA:5,2
DA:8,2
DA:11,2
DA:14,1
DA:15,0
DA:16,0
DA:17,0
DA:19,0
DA:22,1
DA:23,0
DA:24,0
DA:25,0
DA:27,0
LF:16
LH:8
BRDA:16,0,0,0
BRDA:24,1,0,0
BRF:2
BRH:0
end_of_record
TN:
SF:src\lib\withAsync.ts
FN:3,withAsync
FN:4,(anonymous_8)
FNF:2
FNH:2
FNDA:32,withAsync
FNDA:12,(anonymous_8)
DA:3,1
DA:4,32
DA:5,12
DA:6,12
DA:8,3
LF:5
LH:5
BRF:0
BRH:0
end_of_record
TN:
SF:src\lib\errors\BadRequestError.ts
FN:2,(anonymous_0)
FNF:1
FNH:1
FNDA:3,(anonymous_0)
DA:3,3
DA:4,3
DA:8,1
LF:3
LH:3
BRF:0
BRH:0
end_of_record
TN:
SF:src\lib\errors\ForbiddenError.ts
FN:2,(anonymous_0)
FNF:1
FNH:0
FNDA:0,(anonymous_0)
DA:3,0
DA:4,0
DA:8,1
LF:3
LH:1
BRF:0
BRH:0
end_of_record
TN:
SF:src\lib\errors\NotFoundError.ts
FN:2,(anonymous_0)
FNF:1
FNH:0
FNDA:0,(anonymous_0)
DA:3,0
DA:4,0
DA:8,1
LF:3
LH:1
BRF:0
BRH:0
end_of_record
TN:
SF:src\lib\errors\UnauthorizedError.ts
FN:2,(anonymous_0)
FNF:1
FNH:0
FNDA:0,(anonymous_0)
DA:3,0
DA:4,0
DA:8,1
LF:3
LH:1
BRF:0
BRH:0
end_of_record
TN:
SF:src\middlewares\authenticate.ts
FN:5,authenticate
FN:6,(anonymous_17)
FN:6,(anonymous_18)
FNF:3
FNH:1
FNDA:25,authenticate
FNDA:0,(anonymous_17)
FNDA:0,(anonymous_18)
DA:2,1
DA:3,1
DA:6,25
DA:7,0
DA:8,0
DA:9,0
DA:10,0
DA:12,0
DA:13,0
DA:14,0
DA:16,0
DA:17,0
DA:19,0
DA:23,1
LF:14
LH:4
BRDA:5,0,0,21
BRDA:12,1,0,0
BRF:2
BRH:1
end_of_record
TN:
SF:src\repositories\articlesRepository.ts
FN:5,createArticle
FN:12,getArticle
FN:17,getArticleWithLkes
FN:17,(anonymous_12)
FN:33,(anonymous_13)
FN:37,getArticleListWithLikes
FN:38,(anonymous_15)
FN:60,(anonymous_16)
FN:64,(anonymous_17)
FN:73,updateArticleWithLikes
FN:85,(anonymous_20)
FN:90,deleteArticle
FNF:12
FNH:0
FNDA:0,createArticle
FNDA:0,getArticle
FNDA:0,getArticleWithLkes
FNDA:0,(anonymous_12)
FNDA:0,(anonymous_13)
FNDA:0,getArticleListWithLikes
FNDA:0,(anonymous_15)
FNDA:0,(anonymous_16)
FNDA:0,(anonymous_17)
FNDA:0,updateArticleWithLikes
FNDA:0,(anonymous_20)
FNDA:0,deleteArticle
DA:2,1
DA:5,1
DA:6,0
DA:9,0
DA:12,1
DA:13,0
DA:14,0
DA:17,1
DA:18,0
DA:25,0
DA:26,0
DA:29,0
DA:33,0
DA:37,1
DA:38,0
DA:45,0
DA:49,0
DA:50,0
DA:60,0
DA:64,0
DA:67,0
DA:73,1
DA:74,0
DA:81,0
DA:85,0
DA:90,1
DA:91,0
LF:27
LH:7
BRDA:17,0,0,0
BRDA:25,1,0,0
BRDA:33,2,0,0
BRDA:33,2,1,0
BRDA:39,3,0,0
BRDA:46,4,0,0
BRDA:46,4,1,0
BRDA:53,5,0,0
BRDA:53,5,1,0
BRDA:64,6,0,0
BRDA:64,6,1,0
BRDA:84,7,0,0
BRDA:84,7,1,0
BRF:13
BRH:0
end_of_record
TN:
SF:src\repositories\commentsRepository.ts
FN:5,createComment
FN:12,getComment
FN:19,getCommentList
FN:20,(anonymous_12)
FN:39,updateComment
FN:46,deleteComment
FNF:6
FNH:0
FNDA:0,createComment
FNDA:0,getComment
FNDA:0,getCommentList
FNDA:0,(anonymous_12)
FNDA:0,updateComment
FNDA:0,deleteComment
DA:2,1
DA:5,1
DA:6,0
DA:9,0
DA:12,1
DA:13,0
DA:16,0
DA:19,1
DA:20,0
DA:23,0
DA:29,0
DA:30,0
DA:31,0
DA:33,0
DA:39,1
DA:40,0
DA:46,1
DA:47,0
LF:18
LH:6
BRDA:24,0,0,0
BRDA:24,0,1,0
BRDA:31,1,0,0
BRDA:31,1,1,0
BRF:4
BRH:0
end_of_record
TN:
SF:src\repositories\favoritesRepository.ts
FN:4,createFavorite
FN:11,getFavorite
FN:18,deleteFavorite
FN:24,getFavoritesByProductId
FNF:4
FNH:0
FNDA:0,createFavorite
FNDA:0,getFavorite
FNDA:0,deleteFavorite
FNDA:0,getFavoritesByProductId
DA:2,1
DA:4,1
DA:5,0
DA:8,0
DA:11,1
DA:12,0
DA:15,0
DA:18,1
DA:19,0
DA:24,1
DA:25,0
DA:28,0
LF:12
LH:5
BRF:0
BRH:0
end_of_record
TN:
SF:src\repositories\likesRepository.ts
FN:4,createLike
FN:11,getLike
FN:18,deleteLike
FNF:3
FNH:0
FNDA:0,createLike
FNDA:0,getLike
FNDA:0,deleteLike
DA:2,1
DA:4,1
DA:5,0
DA:8,0
DA:11,1
DA:12,0
DA:15,0
DA:18,1
DA:19,0
LF:9
LH:4
BRF:0
BRH:0
end_of_record
TN:
SF:src\repositories\notificationsRepository.ts
FN:5,getNotificationsByUserId
FN:24,createNotification
FN:33,createNotifications
FN:41,getNotificationById
FN:48,updateNotificationById
FN:55,updateNotificationsByUserId
FNF:6
FNH:0
FNDA:0,getNotificationsByUserId
FNDA:0,createNotification
FNDA:0,createNotifications
FNDA:0,getNotificationById
FNDA:0,updateNotificationById
FNDA:0,updateNotificationsByUserId
DA:1,1
DA:5,1
DA:6,0
DA:7,0
DA:10,0
DA:16,0
DA:17,0
DA:18,0
DA:19,0
DA:20,0
DA:21,0
DA:24,1
DA:27,0
DA:30,0
DA:33,1
DA:36,0
DA:41,1
DA:42,0
DA:45,0
DA:48,1
DA:49,0
DA:55,1
DA:56,0
LF:23
LH:7
BRDA:11,0,0,0
BRDA:11,0,1,0
BRDA:20,1,0,0
BRDA:20,1,1,0
BRF:4
BRH:0
end_of_record
TN:
SF:src\repositories\productsRepository.ts
FN:5,createProduct
FN:11,getProduct
FN:18,getProductWithFavorites
FN:32,(anonymous_13)
FN:38,getProductListWithFavorites
FN:39,(anonymous_15)
FN:66,(anonymous_16)
FN:72,(anonymous_17)
FN:82,getFavoriteProductListByOwnerId
FN:83,(anonymous_19)
FN:118,(anonymous_20)
FN:131,updateProductWithFavorites
FN:144,(anonymous_23)
FN:150,deleteProduct
FNF:14
FNH:0
FNDA:0,createProduct
FNDA:0,getProduct
FNDA:0,getProductWithFavorites
FNDA:0,(anonymous_13)
FNDA:0,getProductListWithFavorites
FNDA:0,(anonymous_15)
FNDA:0,(anonymous_16)
FNDA:0,(anonymous_17)
FNDA:0,getFavoriteProductListByOwnerId
FNDA:0,(anonymous_19)
FNDA:0,(anonymous_20)
FNDA:0,updateProductWithFavorites
FNDA:0,(anonymous_23)
FNDA:0,deleteProduct
DA:2,1
DA:5,1
DA:6,0
DA:11,1
DA:12,0
DA:15,0
DA:18,1
DA:19,0
DA:23,0
DA:24,0
DA:27,0
DA:32,0
DA:35,0
DA:38,1
DA:39,0
DA:46,0
DA:52,0
DA:56,0
DA:66,0
DA:72,0
DA:76,0
DA:82,1
DA:83,0
DA:86,0
DA:91,0
DA:101,0
DA:118,0
DA:125,0
DA:131,1
DA:132,0
DA:139,0
DA:144,0
DA:147,0
DA:150,1
DA:151,0
LF:35
LH:8
BRDA:23,0,0,0
BRDA:31,1,0,0
BRDA:31,1,1,0
BRDA:40,2,0,0
BRDA:46,3,0,0
BRDA:46,3,1,0
BRDA:59,4,0,0
BRDA:59,4,1,0
BRDA:71,5,0,0
BRDA:71,5,1,0
BRDA:86,6,0,0
BRDA:86,6,1,0
BRDA:104,7,0,0
BRDA:104,7,1,0
BRDA:143,8,0,0
BRDA:143,8,1,0
BRF:16
BRH:0
end_of_record
TN:
SF:src\repositories\usersRepository.ts
FN:4,createUser
FN:11,getUser
FN:18,getUserByEmail
FN:25,updateUser
FN:33,deleteUser
FNF:5
FNH:2
FNDA:6,createUser
FNDA:0,getUser
FNDA:11,getUserByEmail
FNDA:0,updateUser
FNDA:0,deleteUser
DA:2,1
DA:4,1
DA:5,6
DA:8,6
DA:11,1
DA:12,0
DA:15,0
DA:18,1
DA:19,11
DA:22,11
DA:25,1
DA:26,0
DA:30,0
DA:33,1
DA:34,0
LF:15
LH:10
BRF:0
BRH:0
end_of_record
TN:
SF:src\routers\articlesRouter.ts
FNF:0
FNH:0
DA:1,1
DA:2,1
DA:3,1
DA:14,1
DA:16,1
DA:18,1
DA:19,1
DA:20,1
DA:21,1
DA:22,1
DA:23,1
DA:24,1
DA:25,1
DA:26,1
DA:28,1
LF:15
LH:15
BRF:0
BRH:0
end_of_record
TN:
SF:src\routers\authRouter.ts
FNF:0
FNH:0
DA:1,1
DA:2,1
DA:3,1
DA:5,1
DA:7,1
DA:8,1
DA:9,1
DA:10,1
DA:12,1
LF:9
LH:9
BRF:0
BRH:0
end_of_record
TN:
SF:src\routers\commentsRouter.ts
FNF:0
FNH:0
DA:1,1
DA:2,1
DA:3,1
DA:4,1
DA:6,1
DA:8,1
DA:9,1
DA:11,1
LF:8
LH:8
BRF:0
BRH:0
end_of_record
TN:
SF:src\routers\imagesRouter.ts
FNF:0
FNH:0
DA:1,1
DA:2,1
DA:3,1
DA:5,1
DA:7,1
DA:9,1
LF:6
LH:6
BRF:0
BRH:0
end_of_record
TN:
SF:src\routers\notificationsRouter.ts
FNF:0
FNH:0
DA:1,1
DA:2,1
DA:3,1
DA:4,1
DA:6,1
DA:8,1
DA:10,1
LF:7
LH:7
BRF:0
BRH:0
end_of_record
TN:
SF:src\routers\productsRouter.ts
FNF:0
FNH:0
DA:1,1
DA:2,1
DA:3,1
DA:14,1
DA:16,1
DA:18,1
DA:19,1
DA:20,1
DA:21,1
DA:22,1
DA:23,1
DA:24,1
DA:25,1
DA:26,1
DA:28,1
LF:15
LH:15
BRF:0
BRH:0
end_of_record
TN:
SF:src\routers\usersRouter.ts
FNF:0
FNH:0
DA:1,1
DA:2,1
DA:3,1
DA:11,1
DA:13,1
DA:15,1
DA:16,1
DA:17,1
DA:18,1
DA:19,1
DA:20,1
DA:22,1
LF:12
LH:12
BRF:0
BRH:0
end_of_record
TN:
SF:src\services\articlesService.ts
FN:10,createArticle
FN:19,getArticle
FN:27,getArticleList
FN:34,updateArticle
FN:48,deleteArticle
FNF:5
FNH:0
FNDA:0,createArticle
FNDA:0,getArticle
FNDA:0,getArticleList
FNDA:0,updateArticle
FNDA:0,deleteArticle
DA:1,1
DA:3,1
DA:4,1
DA:10,1
DA:11,0
DA:12,0
DA:19,1
DA:20,0
DA:21,0
DA:22,0
DA:24,0
DA:27,1
DA:30,0
DA:31,0
DA:34,1
DA:35,0
DA:36,0
DA:37,0
DA:40,0
DA:41,0
DA:44,0
DA:45,0
DA:48,1
DA:49,0
DA:50,0
DA:51,0
DA:54,0
DA:55,0
DA:58,0
LF:29
LH:8
BRDA:21,0,0,0
BRDA:36,1,0,0
BRDA:40,2,0,0
BRDA:50,3,0,0
BRDA:54,4,0,0
BRF:5
BRH:0
end_of_record
TN:
SF:src\services\authService.ts
FN:12,verifyPassword
FN:16,hashPassword
FN:21,register
FN:39,login
FN:57,refreshToken
FN:76,updateMyPassword
FN:91,authenticate
FNF:7
FNH:4
FNDA:3,verifyPassword
FNDA:6,hashPassword
FNDA:7,register
FNDA:4,login
FNDA:0,refreshToken
FNDA:0,updateMyPassword
FNDA:0,authenticate
DA:1,1
DA:2,1
DA:3,1
DA:4,1
DA:5,1
DA:6,1
DA:13,3
DA:17,6
DA:18,6
DA:21,1
DA:22,7
DA:23,7
DA:24,1
DA:27,6
DA:29,6
DA:36,6
DA:39,1
DA:40,4
DA:41,4
DA:42,1
DA:45,3
DA:46,3
DA:47,1
DA:50,2
DA:51,2
DA:57,1
DA:58,0
DA:59,0
DA:62,0
DA:64,0
DA:65,0
DA:66,0
DA:69,0
DA:70,0
DA:76,1
DA:77,0
DA:78,0
DA:79,0
DA:82,0
DA:83,0
DA:84,0
DA:87,0
DA:88,0
DA:91,1
DA:92,0
DA:93,0
DA:96,0
DA:97,0
DA:98,0
DA:99,0
DA:101,0
LF:51
LH:28
BRDA:23,0,0,1
BRDA:41,1,0,1
BRDA:46,2,0,1
BRDA:58,3,0,0
BRDA:65,4,0,0
BRDA:78,5,0,0
BRDA:83,6,0,0
BRDA:92,7,0,0
BRDA:98,8,0,0
BRF:9
BRH:3
end_of_record
TN:
SF:src\services\commentsService.ts
FN:21,createComment
FN:64,getComment
FN:72,getCommentListByArticleId
FN:85,getCommentListByProductId
FN:98,updateComment
FN:111,deleteComment
FNF:6
FNH:0
FNDA:0,createComment
FNDA:0,getComment
FNDA:0,getCommentListByArticleId
FNDA:0,getCommentListByProductId
FNDA:0,updateComment
FNDA:0,deleteComment
DA:1,1
DA:2,1
DA:3,1
DA:4,1
DA:6,1
DA:7,1
DA:8,1
DA:11,1
DA:21,1
DA:22,0
DA:23,0
DA:26,0
DA:27,0
DA:28,0
DA:29,0
DA:33,0
DA:34,0
DA:35,0
DA:36,0
DA:40,0
DA:47,0
DA:48,0
DA:49,0
DA:50,0
DA:51,0
DA:52,0
DA:61,0
DA:64,1
DA:65,0
DA:66,0
DA:67,0
DA:69,0
DA:72,1
DA:76,0
DA:77,0
DA:78,0
DA:81,0
DA:82,0
DA:85,1
DA:89,0
DA:90,0
DA:91,0
DA:94,0
DA:95,0
DA:98,1
DA:99,0
DA:100,0
DA:101,0
DA:104,0
DA:105,0
DA:108,0
DA:111,1
DA:112,0
DA:113,0
DA:114,0
DA:117,0
DA:118,0
DA:121,0
LF:58
LH:14
BRDA:22,0,0,0
BRDA:22,1,0,0
BRDA:22,1,1,0
BRDA:26,2,0,0
BRDA:28,3,0,0
BRDA:33,4,0,0
BRDA:35,5,0,0
BRDA:42,6,0,0
BRDA:42,6,1,0
BRDA:42,7,0,0
BRDA:42,7,1,0
BRDA:43,8,0,0
BRDA:43,8,1,0
BRDA:43,9,0,0
BRDA:43,9,1,0
BRDA:47,10,0,0
BRDA:51,11,0,0
BRDA:66,12,0,0
BRDA:77,13,0,0
BRDA:90,14,0,0
BRDA:100,15,0,0
BRDA:104,16,0,0
BRDA:113,17,0,0
BRDA:117,18,0,0
BRF:24
BRH:0
end_of_record
TN:
SF:src\services\favoritesService.ts
FN:6,createFavorite
FN:20,deleteFavorite
FNF:2
FNH:0
FNDA:0,createFavorite
FNDA:0,deleteFavorite
DA:1,1
DA:2,1
DA:3,1
DA:4,1
DA:6,1
DA:7,0
DA:8,0
DA:9,0
DA:12,0
DA:13,0
DA:14,0
DA:17,0
DA:20,1
DA:21,0
DA:22,0
DA:23,0
DA:26,0
DA:27,0
DA:28,0
DA:31,0
LF:20
LH:6
BRDA:8,0,0,0
BRDA:13,1,0,0
BRDA:22,2,0,0
BRDA:27,3,0,0
BRF:4
BRH:0
end_of_record
TN:
SF:src\services\likesService.ts
FN:6,createLike
FN:20,deleteLike
FNF:2
FNH:0
FNDA:0,createLike
FNDA:0,deleteLike
DA:1,1
DA:2,1
DA:3,1
DA:4,1
DA:6,1
DA:7,0
DA:8,0
DA:9,0
DA:12,0
DA:13,0
DA:14,0
DA:17,0
DA:20,1
DA:21,0
DA:22,0
DA:23,0
DA:26,0
DA:27,0
DA:28,0
DA:31,0
LF:20
LH:6
BRDA:8,0,0,0
BRDA:13,1,0,0
BRDA:22,2,0,0
BRDA:27,3,0,0
BRF:4
BRH:0
end_of_record
TN:
SF:src\services\notificationsService.ts
FN:10,createNotification
FN:28,createNotifications
FN:32,(anonymous_21)
FN:38,(anonymous_22)
FN:43,readNotificationById
FN:60,getMyNotifications
FNF:6
FNH:0
FNDA:0,createNotification
FNDA:0,createNotifications
FNDA:0,(anonymous_21)
FNDA:0,(anonymous_22)
FNDA:0,readNotificationById
FNDA:0,getMyNotifications
DA:1,1
DA:2,1
DA:3,1
DA:6,1
DA:7,1
DA:8,1
DA:10,1
DA:13,0
DA:14,0
DA:15,0
DA:18,0
DA:23,0
DA:25,0
DA:28,1
DA:31,0
DA:32,0
DA:38,0
DA:39,0
DA:43,1
DA:44,0
DA:45,0
DA:48,0
DA:49,0
DA:50,0
DA:53,0
DA:54,0
DA:57,0
DA:60,1
DA:61,0
DA:62,0
DA:65,0
DA:67,0
DA:68,0
LF:33
LH:10
BRDA:14,0,0,0
BRDA:44,1,0,0
BRDA:49,2,0,0
BRDA:53,3,0,0
BRDA:61,4,0,0
BRF:5
BRH:0
end_of_record
TN:
SF:src\services\productsService.ts
FN:16,createProduct
FN:25,getProduct
FN:33,getProductList
FN:34,(anonymous_22)
FN:41,updateProduct
FN:56,(anonymous_25)
FN:57,(anonymous_26)
FN:71,deleteProduct
FNF:8
FNH:0
FNDA:0,createProduct
FNDA:0,getProduct
FNDA:0,getProductList
FNDA:0,(anonymous_22)
FNDA:0,updateProduct
FNDA:0,(anonymous_25)
FNDA:0,(anonymous_26)
FNDA:0,deleteProduct
DA:1,1
DA:2,1
DA:3,1
DA:4,1
DA:5,1
DA:8,1
DA:16,1
DA:17,0
DA:18,0
DA:25,1
DA:26,0
DA:27,0
DA:28,0
DA:30,0
DA:33,1
DA:34,0
DA:37,0
DA:38,0
DA:41,1
DA:42,0
DA:43,0
DA:44,0
DA:46,0
DA:47,0
DA:49,0
DA:52,0
DA:53,0
DA:54,0
DA:55,0
DA:56,0
DA:57,0
DA:65,0
DA:68,0
DA:71,1
DA:72,0
DA:73,0
DA:74,0
DA:76,0
DA:77,0
DA:79,0
LF:40
LH:11
BRDA:27,0,0,0
BRDA:35,1,0,0
BRDA:43,2,0,0
BRDA:46,3,0,0
BRDA:54,4,0,0
BRDA:73,5,0,0
BRDA:76,6,0,0
BRF:7
BRH:0
end_of_record
TN:
SF:src\services\socketService.ts
FN:10,(anonymous_16)
FN:15,(anonymous_17)
FN:29,(anonymous_19)
FN:33,(anonymous_20)
FNF:4
FNH:2
FNDA:1,(anonymous_16)
FNDA:0,(anonymous_17)
FNDA:1,(anonymous_19)
FNDA:0,(anonymous_20)
DA:1,1
DA:3,1
DA:11,1
DA:12,1
DA:17,0
DA:18,0
DA:19,0
DA:21,0
DA:22,0
DA:23,0
DA:25,0
DA:26,0
DA:30,1
DA:34,0
DA:35,0
DA:39,1
LF:16
LH:6
BRF:0
BRH:0
end_of_record
TN:
SF:src\services\usersService.ts
FN:10,getUser
FN:19,updateUser
FN:24,getMyProductList
FN:32,getMyFavoriteList
FNF:4
FNH:0
FNDA:0,getUser
FNDA:0,updateUser
FNDA:0,getMyProductList
FNDA:0,getMyFavoriteList
DA:3,1
DA:4,1
DA:5,1
DA:10,1
DA:11,0
DA:12,0
DA:13,0
DA:16,0
DA:19,1
DA:20,0
DA:21,0
DA:24,1
DA:28,0
DA:29,0
DA:32,1
DA:36,0
DA:37,0
LF:17
LH:7
BRDA:12,0,0,0
BRF:1
BRH:0
end_of_record
TN:
SF:src\structs\articlesStructs.ts
FN:7,(anonymous_0)
FNF:1
FNH:0
FNDA:0,(anonymous_0)
DA:1,1
DA:2,1
DA:4,1
DA:6,1
DA:7,0
DA:12,1
LF:6
LH:5
BRF:0
BRH:0
end_of_record
TN:
SF:src\structs\authStructs.ts
FNF:0
FNH:0
DA:1,1
DA:3,1
DA:10,1
LF:3
LH:3
BRF:0
BRH:0
end_of_record
TN:
SF:src\structs\commentsStruct.ts
FNF:0
FNH:0
DA:1,1
DA:2,1
DA:4,1
DA:10,1
DA:12,1
LF:5
LH:5
BRF:0
BRH:0
end_of_record
TN:
SF:src\structs\commonStructs.ts
FN:4,(anonymous_0)
FNF:1
FNH:0
FNDA:0,(anonymous_0)
DA:1,1
DA:4,1
DA:6,1
DA:10,1
DA:17,1
LF:5
LH:5
BRF:0
BRH:0
end_of_record
TN:
SF:src\structs\productsStruct.ts
FN:5,(anonymous_0)
FNF:1
FNH:0
FNDA:0,(anonymous_0)
DA:1,1
DA:2,1
DA:4,1
DA:5,0
DA:12,1
DA:14,1
LF:6
LH:5
BRF:0
BRH:0
end_of_record
TN:
SF:src\structs\usersStructs.ts
FNF:0
FNH:0
DA:1,1
DA:2,1
DA:4,1
DA:12,1
DA:17,1
DA:19,1
DA:21,1
LF:7
LH:7
BRF:0
BRH:0
end_of_record
TN:
SF:src\types\Notification.ts
FN:1,(anonymous_0)
FNF:1
FNH:1
FNDA:1,(anonymous_0)
DA:1,1
DA:2,1
DA:3,1
LF:3
LH:3
BRDA:1,0,0,1
BRDA:1,0,1,1
BRF:2
BRH:2
end_of_record
