TN:
SF:src\app.ts
FNF:0
FNH:0
DA:1,1
DA:2,1
DA:3,1
DA:4,1
DA:9,1
DA:10,1
DA:11,1
DA:12,1
DA:13,1
DA:14,1
DA:15,1
DA:16,1
DA:21,1
DA:23,1
DA:24,1
DA:25,1
DA:26,1
DA:28,1
DA:29,1
DA:30,1
DA:31,1
DA:32,1
DA:33,1
DA:34,1
DA:36,1
DA:37,1
DA:39,1
LF:27
LH:27
BRF:0
BRH:0
end_of_record
TN:
SF:src\controllers\articlesController.ts
FN:16,createArticle
FN:33,getArticle
FN:50,(anonymous_12)
FN:56,updateArticle
FN:77,deleteArticle
FN:97,getArticleList
FN:115,(anonymous_19)
FN:119,(anonymous_20)
FN:128,createComment
FN:152,getCommentList
FN:177,createLike
FN:200,deleteLike
FNF:12
FNH:3
FNDA:0,createArticle
FNDA:1,getArticle
FNDA:0,(anonymous_12)
FNDA:0,updateArticle
FNDA:0,deleteArticle
FNDA:4,getArticleList
FNDA:26,(anonymous_19)
FNDA:0,(anonymous_20)
FNDA:0,createComment
FNDA:0,getCommentList
FNDA:0,createLike
FNDA:0,deleteLike
DA:2,1
DA:3,1
DA:4,1
DA:5,1
DA:6,1
DA:11,1
DA:12,1
DA:13,1
DA:14,1
DA:16,1
DA:17,0
DA:18,0
DA:21,0
DA:23,0
DA:30,0
DA:33,1
DA:34,1
DA:36,1
DA:42,1
DA:43,0
DA:46,1
DA:50,0
DA:53,1
DA:56,1
DA:57,0
DA:58,0
DA:61,0
DA:62,0
DA:64,0
DA:65,0
DA:66,0
DA:69,0
DA:70,0
DA:73,0
DA:74,0
DA:77,1
DA:78,0
DA:79,0
DA:82,0
DA:84,0
DA:85,0
DA:86,0
DA:89,0
DA:90,0
DA:93,0
DA:94,0
DA:97,1
DA:98,4
DA:100,4
DA:104,4
DA:105,4
DA:115,26
DA:119,0
DA:122,4
DA:128,1
DA:129,0
DA:130,0
DA:133,0
DA:134,0
DA:136,0
DA:137,0
DA:138,0
DA:141,0
DA:149,0
DA:152,1
DA:153,0
DA:154,0
DA:156,0
DA:157,0
DA:158,0
DA:161,0
DA:167,0
DA:168,0
DA:169,0
DA:171,0
DA:177,1
DA:178,0
DA:179,0
DA:182,0
DA:184,0
DA:185,0
DA:186,0
DA:189,0
DA:192,0
DA:193,0
DA:196,0
DA:197,0
DA:200,1
DA:201,0
DA:202,0
DA:205,0
DA:207,0
DA:208,0
DA:209,0
DA:212,0
DA:215,0
DA:216,0
DA:219,0
DA:220,0
LF:99
LH:29
BRDA:17,0,0,0
BRDA:42,1,0,0
BRDA:50,2,0,0
BRDA:50,2,1,1
BRDA:57,3,0,0
BRDA:65,4,0,0
BRDA:69,5,0,0
BRDA:78,6,0,0
BRDA:85,7,0,0
BRDA:89,8,0,0
BRDA:101,9,0,1
BRDA:101,9,1,3
BRDA:108,10,0,1
BRDA:108,10,1,3
BRDA:119,11,0,0
BRDA:119,11,1,26
BRDA:129,12,0,0
BRDA:137,13,0,0
BRDA:157,14,0,0
BRDA:162,15,0,0
BRDA:162,15,1,0
BRDA:169,16,0,0
BRDA:169,16,1,0
BRDA:178,17,0,0
BRDA:185,18,0,0
BRDA:192,19,0,0
BRDA:201,20,0,0
BRDA:208,21,0,0
BRDA:215,22,0,0
BRF:29
BRH:6
end_of_record
TN:
SF:src\controllers\authController.ts
FN:10,register
FN:29,login
FN:47,logout
FN:52,refreshToken
FN:70,setTokenCookies
FN:84,clearTokenCookies
FNF:6
FNH:2
FNDA:5,register
FNDA:5,login
FNDA:0,logout
FNDA:0,refreshToken
FNDA:0,setTokenCookies
FNDA:0,clearTokenCookies
DA:2,1
DA:3,1
DA:4,1
DA:5,1
DA:6,1
DA:7,1
DA:8,1
DA:10,1
DA:11,5
DA:13,0
DA:14,0
DA:16,0
DA:17,0
DA:18,0
DA:21,0
DA:25,0
DA:26,0
DA:29,1
DA:30,5
DA:32,5
DA:33,5
DA:34,5
DA:37,0
DA:38,0
DA:39,0
DA:42,0
DA:43,0
DA:44,0
DA:47,1
DA:48,0
DA:49,0
DA:52,1
DA:53,0
DA:54,0
DA:55,0
DA:58,0
DA:60,0
DA:61,0
DA:62,0
DA:65,0
DA:66,0
DA:67,0
DA:71,0
DA:76,0
DA:85,0
DA:86,0
LF:46
LH:16
BRDA:17,0,0,0
BRDA:33,1,0,5
BRDA:38,2,0,0
BRDA:54,3,0,0
BRDA:61,4,0,0
BRF:5
BRH:1
end_of_record
TN:
SF:src\controllers\commentsController.ts
FN:8,updateComment
FN:20,deleteComment
FNF:2
FNH:0
FNDA:0,updateComment
FNDA:0,deleteComment
DA:2,1
DA:3,1
DA:4,1
DA:5,1
DA:6,1
DA:8,1
DA:9,0
DA:10,0
DA:13,0
DA:14,0
DA:16,0
DA:17,0
DA:20,1
DA:21,0
DA:22,0
DA:25,0
DA:26,0
DA:27,0
LF:18
LH:7
BRDA:9,0,0,0
BRDA:21,1,0,0
BRF:2
BRH:0
end_of_record
TN:
SF:src\controllers\errorController.ts
FN:8,defaultNotFoundHandler
FN:12,globalErrorHandler
FNF:2
FNH:1
FNDA:0,defaultNotFoundHandler
FNDA:10,globalErrorHandler
DA:2,1
DA:3,1
DA:4,1
DA:5,1
DA:6,1
DA:8,1
DA:9,0
DA:12,1
DA:14,10
DA:15,10
DA:16,10
DA:20,0
DA:21,0
DA:22,0
DA:26,0
DA:27,0
DA:28,0
DA:29,0
DA:33,0
DA:34,0
DA:35,0
DA:38,0
DA:39,0
DA:40,0
DA:43,0
DA:44,0
DA:45,0
DA:48,0
DA:49,0
LF:29
LH:10
BRDA:14,0,0,10
BRDA:14,1,0,10
BRDA:14,1,1,5
BRDA:20,2,0,0
BRDA:20,3,0,0
BRDA:20,3,1,0
BRDA:26,4,0,0
BRDA:33,5,0,0
BRDA:38,6,0,0
BRDA:43,7,0,0
BRF:10
BRH:3
end_of_record
TN:
SF:src\controllers\imagesController.ts
FN:13,(anonymous_8)
FN:16,(anonymous_9)
FN:27,(anonymous_10)
FN:37,uploadImage
FNF:4
FNH:0
FNDA:0,(anonymous_8)
FNDA:0,(anonymous_9)
FNDA:0,(anonymous_10)
FNDA:0,uploadImage
DA:2,1
DA:3,1
DA:4,1
DA:5,1
DA:6,1
DA:8,1
DA:9,1
DA:11,1
DA:14,0
DA:17,0
DA:18,0
DA:19,0
DA:28,0
DA:29,0
DA:30,0
DA:33,0
DA:37,1
DA:38,0
DA:39,0
DA:40,0
DA:42,0
DA:43,0
DA:45,0
DA:46,0
DA:47,0
LF:25
LH:9
BRDA:28,0,0,0
BRDA:39,1,0,0
BRDA:42,2,0,0
BRF:3
BRH:0
end_of_record
TN:
SF:src\controllers\notificationsController.ts
FN:6,readNotification
FNF:1
FNH:0
FNDA:0,readNotification
DA:2,1
DA:3,1
DA:4,1
DA:6,1
DA:7,0
DA:8,0
DA:9,0
LF:7
LH:4
BRDA:8,0,0,0
BRDA:8,0,1,0
BRDA:8,1,0,0
BRDA:8,1,1,0
BRF:4
BRH:0
end_of_record
TN:
SF:src\controllers\productsController.ts
FN:14,createProduct
FN:23,getProduct
FN:29,updateProduct
FN:39,deleteProduct
FN:45,getProductList
FN:53,createComment
FN:62,getCommentList
FN:69,createFavorite
FN:75,deleteFavorite
FNF:9
FNH:0
FNDA:0,createProduct
FNDA:0,getProduct
FNDA:0,updateProduct
FNDA:0,deleteProduct
FNDA:0,getProductList
FNDA:0,createComment
FNDA:0,getCommentList
FNDA:0,createFavorite
FNDA:0,deleteFavorite
DA:2,1
DA:3,1
DA:4,1
DA:9,1
DA:10,1
DA:11,1
DA:12,1
DA:14,1
DA:15,0
DA:16,0
DA:20,0
DA:23,1
DA:24,0
DA:25,0
DA:26,0
DA:29,1
DA:30,0
DA:31,0
DA:32,0
DA:36,0
DA:39,1
DA:40,0
DA:41,0
DA:42,0
DA:45,1
DA:46,0
DA:47,0
DA:50,0
DA:53,1
DA:54,0
DA:55,0
DA:59,0
DA:62,1
DA:63,0
DA:64,0
DA:65,0
DA:66,0
DA:69,1
DA:70,0
DA:71,0
DA:72,0
DA:75,1
DA:76,0
DA:77,0
DA:78,0
LF:45
LH:16
BRDA:48,0,0,0
BRDA:48,0,1,0
BRDA:48,1,0,0
BRDA:48,1,1,0
BRF:4
BRH:0
end_of_record
TN:
SF:src\controllers\usersController.ts
FN:14,getMe
FN:28,updateMe
FN:44,updateMyPassword
FN:72,getMyProductList
FN:103,(anonymous_17)
FN:107,(anonymous_18)
FN:116,getMyFavoriteList
FN:155,(anonymous_21)
FNF:8
FNH:0
FNDA:0,getMe
FNDA:0,updateMe
FNDA:0,updateMyPassword
FNDA:0,getMyProductList
FNDA:0,(anonymous_17)
FNDA:0,(anonymous_18)
FNDA:0,getMyFavoriteList
FNDA:0,(anonymous_21)
DA:2,1
DA:3,1
DA:4,1
DA:5,1
DA:11,1
DA:12,1
DA:14,1
DA:15,0
DA:16,0
DA:19,0
DA:20,0
DA:21,0
DA:24,0
DA:25,0
DA:28,1
DA:29,0
DA:30,0
DA:33,0
DA:35,0
DA:40,0
DA:41,0
DA:44,1
DA:45,0
DA:46,0
DA:49,0
DA:51,0
DA:52,0
DA:53,0
DA:56,0
DA:57,0
DA:58,0
DA:61,0
DA:62,0
DA:64,0
DA:69,0
DA:72,1
DA:73,0
DA:74,0
DA:77,0
DA:79,0
DA:84,0
DA:90,0
DA:103,0
DA:107,0
DA:110,0
DA:116,1
DA:117,0
DA:118,0
DA:121,0
DA:123,0
DA:128,0
DA:138,0
DA:155,0
DA:162,0
LF:54
LH:11
BRDA:15,0,0,0
BRDA:20,1,0,0
BRDA:29,2,0,0
BRDA:45,3,0,0
BRDA:52,4,0,0
BRDA:57,5,0,0
BRDA:73,6,0,0
BRDA:79,7,0,0
BRDA:79,7,1,0
BRDA:93,8,0,0
BRDA:93,8,1,0
BRDA:117,9,0,0
BRDA:123,10,0,0
BRDA:123,10,1,0
BRDA:141,11,0,0
BRDA:141,11,1,0
BRF:16
BRH:0
end_of_record
TN:
SF:src\lib\constants.ts
FNF:0
FNH:0
DA:1,1
DA:2,1
DA:4,1
DA:5,1
DA:6,1
DA:7,1
DA:8,1
DA:9,1
DA:10,1
DA:11,1
DA:12,1
LF:11
LH:11
BRDA:6,0,0,1
BRDA:6,0,1,0
BRDA:7,1,0,1
BRDA:7,1,1,0
BRDA:8,2,0,1
BRDA:8,2,1,0
BRDA:9,3,0,1
BRDA:9,3,1,0
BRDA:10,4,0,1
BRDA:10,4,1,1
BRF:10
BRH:6
end_of_record
TN:
SF:src\lib\prismaClient.ts
FNF:0
FNH:0
DA:1,1
DA:3,1
LF:2
LH:2
BRF:0
BRH:0
end_of_record
TN:
SF:src\lib\testUtils.ts
FN:3,clearDatabase
FNF:1
FNH:1
FNDA:12,clearDatabase
DA:3,1
DA:4,12
DA:5,12
DA:6,12
DA:7,12
DA:8,12
DA:9,12
DA:10,12
LF:8
LH:8
BRF:0
BRH:0
end_of_record
TN:
SF:src\lib\token.ts
FN:4,generateTokens
FN:14,verifyAccessToken
FN:22,verifyRefreshToken
FNF:3
FNH:0
FNDA:0,generateTokens
FNDA:0,verifyAccessToken
FNDA:0,verifyRefreshToken
DA:1,1
DA:2,1
DA:4,1
DA:5,0
DA:8,0
DA:11,0
DA:14,1
DA:15,0
DA:16,0
DA:17,0
DA:19,0
DA:22,1
DA:23,0
DA:24,0
DA:25,0
DA:27,0
LF:16
LH:5
BRDA:16,0,0,0
BRDA:24,1,0,0
BRF:2
BRH:0
end_of_record
TN:
SF:src\lib\withAsync.ts
FN:3,withAsync
FN:4,(anonymous_8)
FNF:2
FNH:2
FNDA:31,withAsync
FNDA:15,(anonymous_8)
DA:3,1
DA:4,31
DA:5,15
DA:6,15
DA:8,10
LF:5
LH:5
BRF:0
BRH:0
end_of_record
TN:
SF:src\lib\errors\BadRequestError.ts
FN:2,(anonymous_0)
FNF:1
FNH:1
FNDA:5,(anonymous_0)
DA:3,5
DA:4,5
DA:8,1
LF:3
LH:3
BRF:0
BRH:0
end_of_record
TN:
SF:src\lib\errors\ForbiddenError.ts
FN:2,(anonymous_0)
FNF:1
FNH:0
FNDA:0,(anonymous_0)
DA:3,0
DA:4,0
DA:8,1
LF:3
LH:1
BRF:0
BRH:0
end_of_record
TN:
SF:src\lib\errors\NotFoundError.ts
FN:2,(anonymous_0)
FNF:1
FNH:0
FNDA:0,(anonymous_0)
DA:3,0
DA:4,0
DA:8,1
LF:3
LH:1
BRF:0
BRH:0
end_of_record
TN:
SF:src\lib\errors\UnauthorizedError.ts
FN:2,(anonymous_0)
FNF:1
FNH:0
FNDA:0,(anonymous_0)
DA:3,0
DA:4,0
DA:8,1
LF:3
LH:1
BRF:0
BRH:0
end_of_record
TN:
SF:src\middlewares\authenticate.ts
FN:6,authenticate
FN:7,(anonymous_8)
FN:7,(anonymous_9)
FNF:3
FNH:3
FNDA:24,authenticate
FNDA:14,(anonymous_8)
FNDA:14,(anonymous_9)
DA:2,1
DA:3,1
DA:4,1
DA:7,24
DA:8,14
DA:9,14
DA:10,14
DA:11,5
DA:12,5
DA:14,9
DA:15,9
DA:18,0
DA:19,0
DA:20,0
DA:21,0
DA:23,0
DA:24,0
DA:25,0
DA:27,0
DA:28,0
DA:30,0
DA:34,1
LF:22
LH:12
BRDA:6,0,0,20
BRDA:9,1,0,14
BRDA:10,2,0,5
BRDA:23,3,0,0
BRF:4
BRH:3
end_of_record
TN:
SF:src\repositories\articlesRepository.ts
FN:5,createArticle
FN:12,getArticle
FN:17,getArticleWithLkes
FN:17,(anonymous_12)
FN:33,(anonymous_13)
FN:37,getArticleListWithLikes
FN:38,(anonymous_15)
FN:60,(anonymous_16)
FN:64,(anonymous_17)
FN:73,updateArticleWithLikes
FN:85,(anonymous_20)
FN:90,deleteArticle
FNF:12
FNH:0
FNDA:0,createArticle
FNDA:0,getArticle
FNDA:0,getArticleWithLkes
FNDA:0,(anonymous_12)
FNDA:0,(anonymous_13)
FNDA:0,getArticleListWithLikes
FNDA:0,(anonymous_15)
FNDA:0,(anonymous_16)
FNDA:0,(anonymous_17)
FNDA:0,updateArticleWithLikes
FNDA:0,(anonymous_20)
FNDA:0,deleteArticle
DA:2,1
DA:5,1
DA:6,0
DA:9,0
DA:12,1
DA:13,0
DA:14,0
DA:17,1
DA:18,0
DA:25,0
DA:26,0
DA:29,0
DA:33,0
DA:37,1
DA:38,0
DA:45,0
DA:49,0
DA:50,0
DA:60,0
DA:64,0
DA:67,0
DA:73,1
DA:74,0
DA:81,0
DA:85,0
DA:90,1
DA:91,0
LF:27
LH:7
BRDA:17,0,0,0
BRDA:25,1,0,0
BRDA:33,2,0,0
BRDA:33,2,1,0
BRDA:39,3,0,0
BRDA:46,4,0,0
BRDA:46,4,1,0
BRDA:53,5,0,0
BRDA:53,5,1,0
BRDA:64,6,0,0
BRDA:64,6,1,0
BRDA:84,7,0,0
BRDA:84,7,1,0
BRF:13
BRH:0
end_of_record
TN:
SF:src\repositories\commentsRepository.ts
FN:5,createComment
FN:12,getComment
FN:19,getCommentList
FN:20,(anonymous_12)
FN:39,updateComment
FN:46,deleteComment
FNF:6
FNH:0
FNDA:0,createComment
FNDA:0,getComment
FNDA:0,getCommentList
FNDA:0,(anonymous_12)
FNDA:0,updateComment
FNDA:0,deleteComment
DA:2,1
DA:5,1
DA:6,0
DA:9,0
DA:12,1
DA:13,0
DA:16,0
DA:19,1
DA:20,0
DA:23,0
DA:29,0
DA:30,0
DA:31,0
DA:33,0
DA:39,1
DA:40,0
DA:46,1
DA:47,0
LF:18
LH:6
BRDA:24,0,0,0
BRDA:24,0,1,0
BRDA:31,1,0,0
BRDA:31,1,1,0
BRF:4
BRH:0
end_of_record
TN:
SF:src\repositories\favoritesRepository.ts
FN:4,createFavorite
FN:11,getFavorite
FN:18,deleteFavorite
FN:24,getFavoritesByProductId
FNF:4
FNH:0
FNDA:0,createFavorite
FNDA:0,getFavorite
FNDA:0,deleteFavorite
FNDA:0,getFavoritesByProductId
DA:2,1
DA:4,1
DA:5,0
DA:8,0
DA:11,1
DA:12,0
DA:15,0
DA:18,1
DA:19,0
DA:24,1
DA:25,0
DA:28,0
LF:12
LH:5
BRF:0
BRH:0
end_of_record
TN:
SF:src\repositories\notificationsRepository.ts
FN:5,getNotificationsByUserId
FN:24,createNotification
FN:33,createNotifications
FN:41,getNotificationById
FN:48,updateNotificationById
FN:55,updateNotificationsByUserId
FNF:6
FNH:0
FNDA:0,getNotificationsByUserId
FNDA:0,createNotification
FNDA:0,createNotifications
FNDA:0,getNotificationById
FNDA:0,updateNotificationById
FNDA:0,updateNotificationsByUserId
DA:1,1
DA:5,1
DA:6,0
DA:7,0
DA:10,0
DA:16,0
DA:17,0
DA:18,0
DA:19,0
DA:20,0
DA:21,0
DA:24,1
DA:27,0
DA:30,0
DA:33,1
DA:36,0
DA:41,1
DA:42,0
DA:45,0
DA:48,1
DA:49,0
DA:55,1
DA:56,0
LF:23
LH:7
BRDA:11,0,0,0
BRDA:11,0,1,0
BRDA:20,1,0,0
BRDA:20,1,1,0
BRF:4
BRH:0
end_of_record
TN:
SF:src\repositories\productsRepository.ts
FN:5,createProduct
FN:11,getProduct
FN:18,getProductWithFavorites
FN:32,(anonymous_13)
FN:38,getProductListWithFavorites
FN:39,(anonymous_15)
FN:66,(anonymous_16)
FN:72,(anonymous_17)
FN:82,getFavoriteProductListByOwnerId
FN:83,(anonymous_19)
FN:118,(anonymous_20)
FN:131,updateProductWithFavorites
FN:144,(anonymous_23)
FN:150,deleteProduct
FNF:14
FNH:0
FNDA:0,createProduct
FNDA:0,getProduct
FNDA:0,getProductWithFavorites
FNDA:0,(anonymous_13)
FNDA:0,getProductListWithFavorites
FNDA:0,(anonymous_15)
FNDA:0,(anonymous_16)
FNDA:0,(anonymous_17)
FNDA:0,getFavoriteProductListByOwnerId
FNDA:0,(anonymous_19)
FNDA:0,(anonymous_20)
FNDA:0,updateProductWithFavorites
FNDA:0,(anonymous_23)
FNDA:0,deleteProduct
DA:2,1
DA:5,1
DA:6,0
DA:11,1
DA:12,0
DA:15,0
DA:18,1
DA:19,0
DA:23,0
DA:24,0
DA:27,0
DA:32,0
DA:35,0
DA:38,1
DA:39,0
DA:46,0
DA:52,0
DA:56,0
DA:66,0
DA:72,0
DA:76,0
DA:82,1
DA:83,0
DA:86,0
DA:91,0
DA:101,0
DA:118,0
DA:125,0
DA:131,1
DA:132,0
DA:139,0
DA:144,0
DA:147,0
DA:150,1
DA:151,0
LF:35
LH:8
BRDA:23,0,0,0
BRDA:31,1,0,0
BRDA:31,1,1,0
BRDA:40,2,0,0
BRDA:46,3,0,0
BRDA:46,3,1,0
BRDA:59,4,0,0
BRDA:59,4,1,0
BRDA:71,5,0,0
BRDA:71,5,1,0
BRDA:86,6,0,0
BRDA:86,6,1,0
BRDA:104,7,0,0
BRDA:104,7,1,0
BRDA:143,8,0,0
BRDA:143,8,1,0
BRF:16
BRH:0
end_of_record
TN:
SF:src\repositories\usersRepository.ts
FN:4,createUser
FN:11,getUser
FN:18,getUserByEmail
FN:25,updateUser
FN:33,deleteUser
FNF:5
FNH:0
FNDA:0,createUser
FNDA:0,getUser
FNDA:0,getUserByEmail
FNDA:0,updateUser
FNDA:0,deleteUser
DA:2,1
DA:4,1
DA:5,0
DA:8,0
DA:11,1
DA:12,0
DA:15,0
DA:18,1
DA:19,0
DA:22,0
DA:25,1
DA:26,0
DA:30,0
DA:33,1
DA:34,0
LF:15
LH:6
BRF:0
BRH:0
end_of_record
TN:
SF:src\routers\articlesRouter.ts
FNF:0
FNH:0
DA:1,1
DA:2,1
DA:3,1
DA:14,1
DA:16,1
DA:18,1
DA:19,1
DA:20,1
DA:21,1
DA:22,1
DA:23,1
DA:24,1
DA:25,1
DA:26,1
DA:28,1
LF:15
LH:15
BRF:0
BRH:0
end_of_record
TN:
SF:src\routers\authRouter.ts
FNF:0
FNH:0
DA:1,1
DA:2,1
DA:3,1
DA:5,1
DA:7,1
DA:8,1
DA:9,1
DA:10,1
DA:12,1
LF:9
LH:9
BRF:0
BRH:0
end_of_record
TN:
SF:src\routers\commentsRouter.ts
FNF:0
FNH:0
DA:1,1
DA:2,1
DA:3,1
DA:4,1
DA:6,1
DA:8,1
DA:9,1
DA:11,1
LF:8
LH:8
BRF:0
BRH:0
end_of_record
TN:
SF:src\routers\imagesRouter.ts
FNF:0
FNH:0
DA:1,1
DA:2,1
DA:3,1
DA:5,1
DA:7,1
DA:9,1
LF:6
LH:6
BRF:0
BRH:0
end_of_record
TN:
SF:src\routers\notificationsRouter.ts
FNF:0
FNH:0
DA:1,1
DA:2,1
DA:3,1
DA:4,1
DA:6,1
DA:8,1
DA:10,1
LF:7
LH:7
BRF:0
BRH:0
end_of_record
TN:
SF:src\routers\productsRouter.ts
FNF:0
FNH:0
DA:1,1
DA:2,1
DA:3,1
DA:14,1
DA:16,1
DA:18,1
DA:19,1
DA:20,1
DA:21,1
DA:22,1
DA:23,1
DA:24,1
DA:25,1
DA:26,1
DA:28,1
LF:15
LH:15
BRF:0
BRH:0
end_of_record
TN:
SF:src\routers\usersRouter.ts
FNF:0
FNH:0
DA:1,1
DA:2,1
DA:3,1
DA:10,1
DA:12,1
DA:14,1
DA:15,1
DA:16,1
DA:17,1
DA:18,1
DA:20,1
LF:11
LH:11
BRF:0
BRH:0
end_of_record
TN:
SF:src\services\authService.ts
FN:12,verifyPassword
FN:16,hashPassword
FN:21,register
FN:39,login
FN:57,refreshToken
FN:76,updateMyPassword
FN:91,authenticate
FNF:7
FNH:0
FNDA:0,verifyPassword
FNDA:0,hashPassword
FNDA:0,register
FNDA:0,login
FNDA:0,refreshToken
FNDA:0,updateMyPassword
FNDA:0,authenticate
DA:1,1
DA:2,1
DA:3,1
DA:4,1
DA:5,1
DA:6,1
DA:13,0
DA:17,0
DA:18,0
DA:21,1
DA:22,0
DA:23,0
DA:24,0
DA:27,0
DA:29,0
DA:36,0
DA:39,1
DA:40,0
DA:41,0
DA:42,0
DA:45,0
DA:46,0
DA:47,0
DA:50,0
DA:51,0
DA:57,1
DA:58,0
DA:59,0
DA:62,0
DA:64,0
DA:65,0
DA:66,0
DA:69,0
DA:70,0
DA:76,1
DA:77,0
DA:78,0
DA:79,0
DA:82,0
DA:83,0
DA:84,0
DA:87,0
DA:88,0
DA:91,1
DA:92,0
DA:93,0
DA:96,0
DA:97,0
DA:98,0
DA:99,0
DA:101,0
LF:51
LH:11
BRDA:23,0,0,0
BRDA:41,1,0,0
BRDA:46,2,0,0
BRDA:58,3,0,0
BRDA:65,4,0,0
BRDA:78,5,0,0
BRDA:83,6,0,0
BRDA:92,7,0,0
BRDA:98,8,0,0
BRF:9
BRH:0
end_of_record
TN:
SF:src\services\commentsService.ts
FN:21,createComment
FN:64,getComment
FN:72,getCommentListByArticleId
FN:85,getCommentListByProductId
FN:98,updateComment
FN:111,deleteComment
FNF:6
FNH:0
FNDA:0,createComment
FNDA:0,getComment
FNDA:0,getCommentListByArticleId
FNDA:0,getCommentListByProductId
FNDA:0,updateComment
FNDA:0,deleteComment
DA:1,1
DA:2,1
DA:3,1
DA:4,1
DA:6,1
DA:7,1
DA:8,1
DA:11,1
DA:21,1
DA:22,0
DA:23,0
DA:26,0
DA:27,0
DA:28,0
DA:29,0
DA:33,0
DA:34,0
DA:35,0
DA:36,0
DA:40,0
DA:47,0
DA:48,0
DA:49,0
DA:50,0
DA:51,0
DA:52,0
DA:61,0
DA:64,1
DA:65,0
DA:66,0
DA:67,0
DA:69,0
DA:72,1
DA:76,0
DA:77,0
DA:78,0
DA:81,0
DA:82,0
DA:85,1
DA:89,0
DA:90,0
DA:91,0
DA:94,0
DA:95,0
DA:98,1
DA:99,0
DA:100,0
DA:101,0
DA:104,0
DA:105,0
DA:108,0
DA:111,1
DA:112,0
DA:113,0
DA:114,0
DA:117,0
DA:118,0
DA:121,0
LF:58
LH:14
BRDA:22,0,0,0
BRDA:22,1,0,0
BRDA:22,1,1,0
BRDA:26,2,0,0
BRDA:28,3,0,0
BRDA:33,4,0,0
BRDA:35,5,0,0
BRDA:42,6,0,0
BRDA:42,6,1,0
BRDA:42,7,0,0
BRDA:42,7,1,0
BRDA:43,8,0,0
BRDA:43,8,1,0
BRDA:43,9,0,0
BRDA:43,9,1,0
BRDA:47,10,0,0
BRDA:51,11,0,0
BRDA:66,12,0,0
BRDA:77,13,0,0
BRDA:90,14,0,0
BRDA:100,15,0,0
BRDA:104,16,0,0
BRDA:113,17,0,0
BRDA:117,18,0,0
BRF:24
BRH:0
end_of_record
TN:
SF:src\services\favoritesService.ts
FN:6,createFavorite
FN:20,deleteFavorite
FNF:2
FNH:0
FNDA:0,createFavorite
FNDA:0,deleteFavorite
DA:1,1
DA:2,1
DA:3,1
DA:4,1
DA:6,1
DA:7,0
DA:8,0
DA:9,0
DA:12,0
DA:13,0
DA:14,0
DA:17,0
DA:20,1
DA:21,0
DA:22,0
DA:23,0
DA:26,0
DA:27,0
DA:28,0
DA:31,0
LF:20
LH:6
BRDA:8,0,0,0
BRDA:13,1,0,0
BRDA:22,2,0,0
BRDA:27,3,0,0
BRF:4
BRH:0
end_of_record
TN:
SF:src\services\notificationsService.ts
FN:10,createNotification
FN:28,createNotifications
FN:32,(anonymous_21)
FN:38,(anonymous_22)
FN:43,readNotificationById
FN:60,getMyNotifications
FNF:6
FNH:0
FNDA:0,createNotification
FNDA:0,createNotifications
FNDA:0,(anonymous_21)
FNDA:0,(anonymous_22)
FNDA:0,readNotificationById
FNDA:0,getMyNotifications
DA:1,1
DA:2,1
DA:3,1
DA:6,1
DA:7,1
DA:8,1
DA:10,1
DA:13,0
DA:14,0
DA:15,0
DA:18,0
DA:23,0
DA:25,0
DA:28,1
DA:31,0
DA:32,0
DA:38,0
DA:39,0
DA:43,1
DA:44,0
DA:45,0
DA:48,0
DA:49,0
DA:50,0
DA:53,0
DA:54,0
DA:57,0
DA:60,1
DA:61,0
DA:62,0
DA:65,0
DA:67,0
DA:68,0
LF:33
LH:10
BRDA:14,0,0,0
BRDA:44,1,0,0
BRDA:49,2,0,0
BRDA:53,3,0,0
BRDA:61,4,0,0
BRF:5
BRH:0
end_of_record
TN:
SF:src\services\productsService.ts
FN:16,createProduct
FN:25,getProduct
FN:33,getProductList
FN:34,(anonymous_22)
FN:41,updateProduct
FN:56,(anonymous_25)
FN:57,(anonymous_26)
FN:71,deleteProduct
FNF:8
FNH:0
FNDA:0,createProduct
FNDA:0,getProduct
FNDA:0,getProductList
FNDA:0,(anonymous_22)
FNDA:0,updateProduct
FNDA:0,(anonymous_25)
FNDA:0,(anonymous_26)
FNDA:0,deleteProduct
DA:1,1
DA:2,1
DA:3,1
DA:4,1
DA:5,1
DA:8,1
DA:16,1
DA:17,0
DA:18,0
DA:25,1
DA:26,0
DA:27,0
DA:28,0
DA:30,0
DA:33,1
DA:34,0
DA:37,0
DA:38,0
DA:41,1
DA:42,0
DA:43,0
DA:44,0
DA:46,0
DA:47,0
DA:49,0
DA:52,0
DA:53,0
DA:54,0
DA:55,0
DA:56,0
DA:57,0
DA:65,0
DA:68,0
DA:71,1
DA:72,0
DA:73,0
DA:74,0
DA:76,0
DA:77,0
DA:79,0
LF:40
LH:11
BRDA:27,0,0,0
BRDA:35,1,0,0
BRDA:43,2,0,0
BRDA:46,3,0,0
BRDA:54,4,0,0
BRDA:73,5,0,0
BRDA:76,6,0,0
BRF:7
BRH:0
end_of_record
TN:
SF:src\services\socketService.ts
FN:10,(anonymous_16)
FN:15,(anonymous_17)
FN:29,(anonymous_19)
FN:33,(anonymous_20)
FNF:4
FNH:1
FNDA:1,(anonymous_16)
FNDA:0,(anonymous_17)
FNDA:0,(anonymous_19)
FNDA:0,(anonymous_20)
DA:1,1
DA:3,1
DA:11,1
DA:12,1
DA:17,0
DA:18,0
DA:19,0
DA:21,0
DA:22,0
DA:23,0
DA:25,0
DA:26,0
DA:30,0
DA:34,0
DA:35,0
DA:39,1
LF:16
LH:5
BRF:0
BRH:0
end_of_record
TN:
SF:src\structs\articlesStructs.ts
FN:7,(anonymous_0)
FNF:1
FNH:0
FNDA:0,(anonymous_0)
DA:1,1
DA:2,1
DA:4,1
DA:6,1
DA:7,0
DA:12,1
LF:6
LH:5
BRF:0
BRH:0
end_of_record
TN:
SF:src\structs\authStructs.ts
FNF:0
FNH:0
DA:1,1
DA:3,1
DA:9,1
LF:3
LH:3
BRF:0
BRH:0
end_of_record
TN:
SF:src\structs\commentsStruct.ts
FNF:0
FNH:0
DA:1,1
DA:2,1
DA:4,1
DA:8,1
DA:10,1
LF:5
LH:5
BRF:0
BRH:0
end_of_record
TN:
SF:src\structs\commonStructs.ts
FN:4,(anonymous_0)
FNF:1
FNH:1
FNDA:3,(anonymous_0)
DA:1,1
DA:4,3
DA:6,1
DA:10,1
DA:17,1
LF:5
LH:5
BRF:0
BRH:0
end_of_record
TN:
SF:src\structs\productsStruct.ts
FN:5,(anonymous_0)
FNF:1
FNH:0
FNDA:0,(anonymous_0)
DA:1,1
DA:2,1
DA:4,1
DA:5,0
DA:12,1
DA:14,1
LF:6
LH:5
BRF:0
BRH:0
end_of_record
TN:
SF:src\structs\usersStructs.ts
FNF:0
FNH:0
DA:1,1
DA:2,1
DA:4,1
DA:12,1
DA:17,1
DA:19,1
LF:6
LH:6
BRF:0
BRH:0
end_of_record
TN:
SF:src\types\Notification.ts
FN:1,(anonymous_0)
FNF:1
FNH:1
FNDA:1,(anonymous_0)
DA:1,1
DA:2,1
DA:3,1
LF:3
LH:3
BRDA:1,0,0,1
BRDA:1,0,1,1
BRF:2
BRH:2
end_of_record
